\BOOKMARK [0][-]{chapter.1}{\376\377\000I\000n\000t\000r\000o\000d\000u\000c\000t\000i\000o\000n\000\040\000t\000o\000\040\000t\000w\000i\000t\000t\000e\000r\000\040\000a\000n\000a\000l\000y\000t\000i\000c\000s\000\040\000s\000y\000s\000t\000e\000m}{}% 1
\BOOKMARK [1][-]{section.1.1}{\376\377\000M\000a\000j\000o\000r\000\040\000p\000a\000r\000t\000s\000\040\000o\000f\000\040\000t\000h\000e\000\040\000s\000y\000s\000t\000e\000m}{chapter.1}% 2
\BOOKMARK [0][-]{chapter.2}{\376\377\000R\000e\000a\000d\000\040\000d\000a\000t\000a\000\040\000f\000r\000o\000m\000\040\000T\000w\000i\000t\000t\000e\000r\000\040\000A\000P\000I}{}% 3
\BOOKMARK [1][-]{section.2.1}{\376\377\000U\000s\000e\000r\000\040\000T\000i\000m\000e\000l\000i\000n\000e\000\040\000A\000P\000I}{chapter.2}% 4
\BOOKMARK [1][-]{section.2.2}{\376\377\000S\000t\000r\000e\000a\000m\000\040\000S\000a\000m\000p\000l\000e\000\040\000A\000P\000I}{chapter.2}% 5
\BOOKMARK [1][-]{section.2.3}{\376\377\000U\000s\000e\000r\000\040\000T\000i\000m\000e\000l\000i\000n\000e\000\040\000A\000P\000I\000\040\000C\000o\000d\000e\000\040\000D\000o\000c\000u\000m\000e\000n\000t\000a\000t\000i\000o\000n}{chapter.2}% 6
\BOOKMARK [1][-]{section.2.4}{\376\377\000S\000t\000r\000e\000a\000m\000\040\000S\000a\000m\000p\000l\000e\000\040\000A\000P\000I\000\040\000C\000o\000d\000e\000\040\000D\000o\000c\000u\000m\000e\000n\000t\000a\000t\000i\000o\000n}{chapter.2}% 7
\BOOKMARK [0][-]{chapter.3}{\376\377\000P\000u\000t\000t\000i\000n\000g\000\040\000t\000w\000e\000e\000t\000s\000\040\000t\000o\000\040\000K\000a\000f\000k\000a}{}% 8
\BOOKMARK [1][-]{section.3.1}{\376\377\000K\000a\000f\000k\000a\000\040\000T\000w\000e\000e\000t\000\040\000P\000r\000o\000d\000u\000c\000e\000r\000\040\000D\000o\000c\000u\000m\000e\000n\000t\000a\000t\000i\000o\000n}{chapter.3}% 9
\BOOKMARK [0][-]{chapter.4}{\376\377\000I\000n\000g\000e\000s\000t\000i\000n\000g\000\040\000d\000a\000t\000a\000\040\000i\000n\000t\000o\000\040\000N\000e\000o\0004\000j}{}% 10
\BOOKMARK [1][-]{section.4.1}{\376\377\000D\000a\000t\000a\000\040\000s\000t\000o\000r\000e\000d\000\040\000i\000n\000\040\000n\000e\000o\0004\000j}{chapter.4}% 11
\BOOKMARK [2][-]{subsection.4.1.1}{\376\377\000U\000s\000e\000r\000\040\000n\000e\000t\000w\000o\000r\000k}{section.4.1}% 12
\BOOKMARK [2][-]{subsection.4.1.2}{\376\377\000T\000w\000e\000e\000t\000\040\000n\000e\000t\000w\000o\000r\000k}{section.4.1}% 13
\BOOKMARK [2][-]{subsection.4.1.3}{\376\377\000I\000n\000d\000e\000x\000i\000n\000g\000\040\000n\000e\000t\000w\000o\000r\000k}{section.4.1}% 14
\BOOKMARK [1][-]{section.4.2}{\376\377\000I\000n\000g\000e\000s\000t\000i\000n\000g\000\040\000t\000h\000e\000\040\000d\000a\000t\000a\000\040\000i\000n\000t\000o\000\040\000n\000e\000o\0004\000j\000\040\000:\000\040\000L\000o\000g\000i\000c}{chapter.4}% 15
\BOOKMARK [2][-]{subsection.4.2.1}{\376\377\000I\000m\000p\000r\000o\000v\000i\000n\000g\000\040\000i\000n\000g\000e\000s\000t\000i\000o\000n\000\040\000r\000a\000t\000e\000\040\000u\000s\000i\000n\000g\000\040\000t\000r\000a\000n\000s\000a\000c\000t\000i\000o\000n}{section.4.2}% 16
\BOOKMARK [2][-]{subsection.4.2.2}{\376\377\000I\000n\000d\000e\000x\000i\000n\000g}{section.4.2}% 17
\BOOKMARK [1][-]{section.4.3}{\376\377\000R\000u\000n\000n\000i\000n\000g\000\040\000t\000h\000e\000\040\000i\000n\000g\000e\000s\000t\000i\000o\000n\000\040\000s\000c\000r\000i\000p\000t}{chapter.4}% 18
\BOOKMARK [2][-]{subsection.4.3.1}{\376\377\000S\000t\000r\000e\000a\000m\000i\000n\000g\000\040\000d\000a\000t\000a}{section.4.3}% 19
\BOOKMARK [2][-]{subsection.4.3.2}{\376\377\000U\000s\000e\000r\000\040\000T\000i\000m\000e\000l\000i\000n\000e\000\040\000d\000a\000t\000a}{section.4.3}% 20
\BOOKMARK [1][-]{section.4.4}{\376\377\000N\000e\000o\0004\000j\000\040\000I\000n\000g\000e\000s\000t\000i\000o\000n\000\040\000R\000a\000t\000e\000s}{chapter.4}% 21
\BOOKMARK [1][-]{section.4.5}{\376\377\000C\000o\000d\000e\000\040\000D\000o\000c\000u\000m\000e\000n\000t\000a\000t\000i\000o\000n\000\040\000f\000o\000r\000\040\000N\000e\000o\0004\000j\000\040\000d\000a\000t\000a\000\040\000i\000n\000g\000e\000s\000t\000i\000o\000n}{chapter.4}% 22
\BOOKMARK [0][-]{chapter.5}{\376\377\000I\000n\000g\000e\000s\000t\000i\000n\000g\000\040\000d\000a\000t\000a\000\040\000i\000n\000t\000o\000\040\000M\000o\000n\000g\000o\000D\000B}{}% 23
\BOOKMARK [1][-]{section.5.1}{\376\377\000W\000h\000y\000\040\000s\000t\000o\000r\000e\000\040\000i\000n\000\040\000M\000o\000n\000g\000o\000D\000B}{chapter.5}% 24
\BOOKMARK [1][-]{section.5.2}{\376\377\000D\000a\000t\000a\000\040\000F\000o\000r\000m\000a\000t\000\040\000i\000n\000\040\000m\000o\000n\000g\000o\000D\000B}{chapter.5}% 25
\BOOKMARK [1][-]{section.5.3}{\376\377\000m\000o\000n\000g\000o\000D\000B\000\040\000v\000/\000s\000\040\000n\000e\000o\0004\000j}{chapter.5}% 26
\BOOKMARK [1][-]{section.5.4}{\376\377\000I\000n\000g\000e\000s\000t\000i\000n\000g\000\040\000t\000h\000e\000\040\000d\000a\000t\000a\000\040\000i\000n\000t\000o\000\040\000m\000o\000n\000g\000o\000D\000B\000\040\000:\000\040\000L\000o\000g\000i\000c}{chapter.5}% 27
\BOOKMARK [2][-]{subsection.5.4.1}{\376\377\000I\000m\000p\000r\000o\000v\000i\000n\000g\000\040\000i\000n\000g\000e\000s\000t\000i\000o\000n\000\040\000r\000a\000t\000e\000\040\000u\000s\000i\000n\000g\000\040\000t\000r\000a\000n\000s\000a\000c\000t\000i\000o\000n\000s}{section.5.4}% 28
\BOOKMARK [2][-]{subsection.5.4.2}{\376\377\000I\000m\000p\000r\000o\000v\000i\000n\000g\000\040\000i\000n\000g\000e\000s\000t\000i\000o\000n\000\040\000r\000a\000t\000e\000\040\000u\000s\000i\000n\000g\000\040\000p\000a\000r\000a\000l\000l\000e\000l\000\040\000m\000u\000l\000t\000i\000p\000l\000e\000\040\000p\000r\000o\000c\000e\000s\000s}{section.5.4}% 29
\BOOKMARK [1][-]{section.5.5}{\376\377\000I\000n\000g\000e\000s\000t\000i\000n\000g\000\040\000t\000h\000e\000\040\000d\000a\000t\000a\000\040\000i\000n\000t\000o\000\040\000m\000o\000n\000g\000o\000D\000B\000\040\000:\000\040\000P\000r\000a\000c\000t\000i\000c\000a\000l\000\040\000s\000i\000d\000e}{chapter.5}% 30
\BOOKMARK [1][-]{section.5.6}{\376\377\000M\000o\000n\000g\000o\000D\000B\000\040\000I\000n\000g\000e\000s\000t\000i\000o\000n\000\040\000R\000a\000t\000e\000s}{chapter.5}% 31
\BOOKMARK [1][-]{section.5.7}{\376\377\000C\000o\000d\000e\000\040\000D\000o\000c\000u\000m\000e\000n\000t\000a\000t\000i\000o\000n\000\040\000f\000o\000r\000\040\000m\000o\000n\000g\000o\000D\000B\000\040\000i\000n\000g\000e\000s\000t\000i\000o\000n}{chapter.5}% 32
\BOOKMARK [0][-]{chapter.6}{\376\377\000N\000e\000o\0004\000j\000:\000\040\000A\000P\000I\000\040\000t\000o\000\040\000g\000e\000n\000e\000r\000a\000t\000e\000\040\000c\000y\000p\000h\000e\000r\000\040\000q\000u\000e\000r\000i\000e\000s}{}% 33
\BOOKMARK [1][-]{section.6.1}{\376\377\000T\000e\000m\000p\000l\000a\000t\000e\000\040\000o\000f\000\040\000a\000\040\000g\000e\000n\000e\000r\000a\000l\000\040\000q\000u\000e\000r\000y}{chapter.6}% 34
\BOOKMARK [2][-]{subsection.6.1.1}{\376\377\000B\000a\000s\000i\000c\000\040\000A\000b\000s\000t\000r\000a\000c\000t\000i\000o\000n}{section.6.1}% 35
\BOOKMARK [2][-]{subsection.6.1.2}{\376\377\000N\000a\000m\000i\000n\000g\000\040\000e\000n\000t\000i\000t\000i\000e\000s}{section.6.1}% 36
\BOOKMARK [2][-]{subsection.6.1.3}{\376\377\000V\000a\000r\000i\000a\000b\000l\000e\000\040\000a\000t\000t\000r\000i\000b\000u\000t\000e\000s}{section.6.1}% 37
\BOOKMARK [2][-]{subsection.6.1.4}{\376\377\000R\000e\000t\000u\000r\000n\000s}{section.6.1}% 38
\BOOKMARK [1][-]{section.6.2}{\376\377\000C\000r\000e\000a\000t\000i\000n\000g\000\040\000a\000\040\000c\000u\000s\000t\000o\000m\000\040\000q\000u\000e\000r\000y\000\040\000t\000h\000r\000o\000u\000g\000h\000\040\000d\000a\000s\000h\000b\000o\000a\000r\000d\000\040\000A\000P\000I\000\040\000:\000\040\000B\000e\000h\000i\000n\000d\000\040\000t\000h\000e\000\040\000s\000c\000e\000n\000e\000s}{chapter.6}% 39
\BOOKMARK [1][-]{section.6.3}{\376\377\000C\000o\000d\000e\000\040\000D\000o\000c\000u\000m\000e\000n\000t\000a\000t\000i\000o\000n\000\040\000f\000o\000r\000\040\000N\000e\000o\0004\000j\000\040\000q\000u\000e\000r\000y\000\040\000g\000e\000n\000e\000r\000a\000t\000i\000o\000n}{chapter.6}% 40
\BOOKMARK [0][-]{chapter.7}{\376\377\000G\000e\000n\000e\000r\000a\000t\000i\000n\000g\000\040\000q\000u\000e\000r\000i\000e\000s\000\040\000i\000n\000\040\000m\000o\000n\000g\000o\000D\000B}{}% 41
\BOOKMARK [1][-]{section.7.1}{\376\377\000G\000e\000n\000e\000r\000i\000c\000\040\000A\000P\000I\000\040\000f\000o\000r\000\040\000m\000o\000n\000g\000o\000D\000B\000\040\000:\000\040\000I\000d\000e\000a}{chapter.7}% 42
\BOOKMARK [2][-]{subsection.7.1.1}{\376\377\000M\000o\000n\000g\000o\000D\000B\000\040\000q\000u\000e\000r\000y\000\040\000e\000x\000e\000c\000u\000t\000i\000o\000n\000\040\000c\000o\000d\000e\000\040\000d\000o\000c\000u\000m\000e\000n\000t\000a\000t\000i\000o\000n}{section.7.1}% 43
\BOOKMARK [0][-]{chapter.8}{\376\377\000A\000b\000o\000u\000t\000\040\000P\000o\000s\000t\000\040\000p\000r\000o\000c\000e\000s\000s\000i\000n\000g\000\040\000f\000u\000n\000c\000t\000i\000o\000n\000s}{}% 44
\BOOKMARK [1][-]{section.8.1}{\376\377\000N\000e\000e\000d\000\040\000o\000f\000\040\000p\000o\000s\000t\000\040\000p\000r\000o\000c\000e\000s\000s\000i\000n\000g\000\040\000f\000u\000n\000c\000t\000i\000o\000n}{chapter.8}% 45
\BOOKMARK [1][-]{section.8.2}{\376\377\000F\000o\000r\000m\000a\000t\000\040\000o\000f\000\040\000p\000o\000s\000t\000\040\000p\000r\000o\000c\000e\000s\000s\000i\000n\000g\000\040\000f\000u\000n\000c\000t\000i\000o\000n\000s}{chapter.8}% 46
\BOOKMARK [1][-]{section.8.3}{\376\377\000E\000x\000e\000c\000u\000t\000i\000n\000g\000\040\000p\000o\000s\000t\000\040\000p\000r\000o\000c\000e\000s\000s\000i\000n\000g\000\040\000f\000u\000n\000c\000t\000i\000o\000n}{chapter.8}% 47
\BOOKMARK [0][-]{chapter.9}{\376\377\000C\000o\000m\000p\000o\000s\000i\000n\000g\000\040\000m\000u\000l\000t\000i\000p\000l\000e\000\040\000q\000u\000e\000r\000i\000e\000s\000\040\000:\000\040\000D\000A\000G}{}% 48
\BOOKMARK [1][-]{section.9.1}{\376\377\000B\000a\000s\000i\000c\000\040\000t\000e\000r\000m\000i\000n\000o\000l\000o\000g\000y}{chapter.9}% 49
\BOOKMARK [1][-]{section.9.2}{\376\377\000I\000d\000e\000a\000\040\000b\000e\000h\000i\000n\000d\000\040\000a\000\040\000D\000A\000G}{chapter.9}% 50
\BOOKMARK [1][-]{section.9.3}{\376\377\000B\000u\000i\000l\000d\000i\000n\000g\000\040\000a\000\040\000D\000A\000G\000\040\000f\000r\000o\000m\000\040\000q\000u\000e\000r\000i\000e\000s}{chapter.9}% 51
\BOOKMARK [1][-]{section.9.4}{\376\377\000D\000A\000G\000\040\000i\000n\000\040\000a\000i\000r\000f\000l\000o\000w}{chapter.9}% 52
\BOOKMARK [1][-]{section.9.5}{\376\377\000C\000r\000e\000a\000t\000i\000n\000g\000\040\000c\000u\000s\000t\000o\000m\000\040\000m\000e\000t\000r\000i\000c}{chapter.9}% 53
\BOOKMARK [1][-]{section.9.6}{\376\377\000C\000o\000d\000e\000\040\000D\000o\000c\000u\000m\000e\000n\000t\000a\000t\000i\000o\000n\000\040\000f\000o\000r\000\040\000D\000A\000G\000\040\000a\000b\000s\000t\000r\000a\000c\000t\000i\000o\000n}{chapter.9}% 54
\BOOKMARK [0][-]{chapter.10}{\376\377\000G\000e\000n\000e\000r\000a\000t\000i\000n\000g\000\040\000a\000l\000e\000r\000t\000s\000\040\000u\000s\000i\000n\000g\000\040\000A\000p\000a\000c\000h\000e\000\040\000F\000l\000i\000n\000k}{}% 55
\BOOKMARK [1][-]{section.10.1}{\376\377\000A\000l\000e\000r\000t\000\040\000S\000p\000e\000c\000i\000f\000i\000c\000a\000t\000i\000o\000n\000\040\000A\000b\000s\000t\000r\000a\000c\000t\000i\000o\000n}{chapter.10}% 56
\BOOKMARK [1][-]{section.10.2}{\376\377\000B\000a\000c\000k\000-\000e\000n\000d\000\040\000p\000r\000o\000c\000e\000s\000s}{chapter.10}% 57
\BOOKMARK [1][-]{section.10.3}{\376\377\000E\000x\000a\000m\000p\000l\000e\000\040\000-\000\040\000F\000i\000n\000d\000i\000n\000g\000\040\000v\000i\000r\000a\000l\000\040\000h\000a\000s\000h\000t\000a\000g\000s}{chapter.10}% 58
\BOOKMARK [1][-]{section.10.4}{\376\377\000F\000l\000i\000n\000k\000\040\000C\000o\000d\000e\000\040\000G\000e\000n\000e\000r\000a\000t\000o\000r\000\040\000D\000o\000c\000u\000m\000e\000n\000t\000a\000t\000i\000o\000n}{chapter.10}% 59
\BOOKMARK [1][-]{section.10.5}{\376\377\000F\000l\000i\000n\000k\000\040\000A\000P\000I\000\040\000D\000o\000c\000u\000m\000e\000n\000t\000a\000t\000i\000o\000n}{chapter.10}% 60
\BOOKMARK [1][-]{section.10.6}{\376\377\000F\000l\000i\000n\000k\000\040\000A\000l\000e\000r\000t\000s\000\040\000C\000o\000n\000s\000u\000m\000e\000r}{chapter.10}% 61
\BOOKMARK [0][-]{chapter.11}{\376\377\000B\000e\000n\000c\000h\000m\000a\000r\000k\000i\000n\000g\000\040\000t\000h\000e\000\040\000q\000u\000e\000r\000y\000\040\000a\000n\000s\000w\000e\000r\000i\000n\000g}{}% 62
\BOOKMARK [1][-]{section.11.1}{\376\377\000N\000e\000o\0004\000j\000\040\000q\000u\000e\000r\000i\000e\000s}{chapter.11}% 63
\BOOKMARK [2][-]{subsection.11.1.1}{\376\377\000S\000i\000m\000p\000l\000e\000\040\000Q\000u\000e\000r\000i\000e\000s}{section.11.1}% 64
\BOOKMARK [2][-]{subsection.11.1.2}{\376\377\000C\000o\000m\000p\000l\000e\000x\000\040\000Q\000u\000e\000r\000i\000e\000s}{section.11.1}% 65
\BOOKMARK [1][-]{section.11.2}{\376\377\000M\000o\000n\000g\000o\000D\000B\000\040\000q\000u\000e\000r\000i\000e\000s}{chapter.11}% 66
\BOOKMARK [1][-]{section.11.3}{\376\377\000C\000o\000d\000e\000\040\000D\000o\000c\000u\000m\000e\000n\000t\000a\000t\000i\000o\000n\000\040\000f\000o\000r\000\040\000b\000e\000n\000c\000h\000m\000a\000r\000k\000i\000n\000g}{chapter.11}% 67
\BOOKMARK [0][-]{chapter.12}{\376\377\000D\000a\000s\000h\000b\000o\000a\000r\000d\000\040\000W\000e\000b\000s\000i\000t\000e}{}% 68
\BOOKMARK [1][-]{section.12.1}{\376\377\000M\000a\000j\000o\000r\000\040\000p\000a\000r\000t\000s\000\040\000o\000f\000\040\000t\000h\000e\000\040\000d\000a\000s\000h\000b\000o\000a\000r\000d\000\040\000w\000e\000b\000s\000i\000t\000e}{chapter.12}% 69
\BOOKMARK [2][-]{subsection.12.1.1}{\376\377\000H\000a\000s\000h\000t\000a\000g\000s}{section.12.1}% 70
\BOOKMARK [2][-]{subsection.12.1.2}{\376\377\000M\000e\000n\000t\000i\000o\000n\000s}{section.12.1}% 71
\BOOKMARK [2][-]{subsection.12.1.3}{\376\377\000U\000R\000L\000s}{section.12.1}% 72
\BOOKMARK [2][-]{subsection.12.1.4}{\376\377\000A\000l\000e\000r\000t\000s}{section.12.1}% 73
\BOOKMARK [2][-]{subsection.12.1.5}{\376\377\000D\000A\000G}{section.12.1}% 74
\BOOKMARK [1][-]{section.12.2}{\376\377\000U\000s\000e\000\040\000C\000a\000s\000e\000s}{chapter.12}% 75
\BOOKMARK [2][-]{subsection.12.2.1}{\376\377\000V\000i\000e\000w\000i\000n\000g\000\040\000t\000o\000p\000\040\0001\0000\000\040\000p\000o\000p\000u\000l\000a\000r\000\040\000h\000a\000s\000h\000t\000a\000g\000s}{section.12.2}% 76
\BOOKMARK [2][-]{subsection.12.2.2}{\376\377\000V\000i\000e\000w\000i\000n\000g\000\040\000u\000s\000a\000g\000e\000\040\000h\000i\000s\000t\000o\000r\000y\000\040\000o\000f\000\040\000h\000a\000s\000h\000t\000a\000g}{section.12.2}% 77
\BOOKMARK [2][-]{subsection.12.2.3}{\376\377\000V\000i\000e\000w\000i\000n\000g\000\040\000s\000e\000n\000t\000i\000m\000e\000n\000t\000\040\000h\000i\000s\000t\000o\000r\000y\000\040\000o\000f\000\040\000h\000a\000s\000h\000t\000a\000g}{section.12.2}% 78
\BOOKMARK [2][-]{subsection.12.2.4}{\376\377\000C\000r\000e\000a\000t\000i\000n\000g\000\040\000a\000\040\000m\000o\000n\000g\000o\000D\000B\000\040\000q\000u\000e\000r\000y}{section.12.2}% 79
\BOOKMARK [2][-]{subsection.12.2.5}{\376\377\000C\000r\000e\000a\000t\000i\000n\000g\000\040\000n\000e\000o\0004\000j\000\040\000q\000u\000e\000r\000i\000e\000s}{section.12.2}% 80
\BOOKMARK [2][-]{subsection.12.2.6}{\376\377\000C\000r\000e\000a\000t\000e\000\040\000P\000o\000s\000t\000\040\000p\000r\000o\000c\000e\000s\000s\000i\000n\000g\000\040\000f\000u\000n\000c\000t\000i\000o\000n}{section.12.2}% 81
\BOOKMARK [2][-]{subsection.12.2.7}{\376\377\000V\000i\000e\000w\000\040\000Q\000u\000e\000r\000i\000e\000s}{section.12.2}% 82
\BOOKMARK [2][-]{subsection.12.2.8}{\376\377\000C\000r\000e\000a\000t\000e\000\040\000D\000A\000G}{section.12.2}% 83
\BOOKMARK [2][-]{subsection.12.2.9}{\376\377\000V\000i\000e\000w\000\040\000D\000A\000G\000s}{section.12.2}% 84
\BOOKMARK [2][-]{subsection.12.2.10}{\376\377\000C\000r\000e\000a\000t\000e\000\040\000C\000u\000s\000t\000o\000m\000\040\000m\000e\000t\000r\000i\000c}{section.12.2}% 85
\BOOKMARK [2][-]{subsection.12.2.11}{\376\377\000C\000r\000e\000a\000t\000e\000\040\000A\000l\000e\000r\000t}{section.12.2}% 86
\BOOKMARK [2][-]{subsection.12.2.12}{\376\377\000V\000i\000e\000w\000\040\000A\000l\000e\000r\000t\000s}{section.12.2}% 87
\BOOKMARK [0][-]{chapter.13}{\376\377\000G\000e\000t\000t\000i\000n\000g\000\040\000t\000h\000e\000\040\000s\000y\000s\000t\000e\000m\000\040\000r\000u\000n\000n\000i\000n\000g}{}% 88
\BOOKMARK [1][-]{section.13.1}{\376\377\000S\000e\000t\000t\000i\000n\000g\000\040\000u\000p\000\040\000t\000h\000e\000\040\000e\000n\000v\000i\000r\000o\000n\000m\000e\000n\000t}{chapter.13}% 89
\BOOKMARK [1][-]{section.13.2}{\376\377\000R\000u\000n\000n\000i\000n\000g\000\040\000t\000h\000e\000\040\000s\000y\000s\000t\000e\000m}{chapter.13}% 90
\BOOKMARK [2][-]{subsection.13.2.1}{\376\377\000C\000o\000l\000l\000e\000c\000t\000i\000n\000g\000\040\000d\000a\000t\000a}{section.13.2}% 91
\BOOKMARK [2][-]{subsection.13.2.2}{\376\377\000I\000n\000g\000e\000s\000t\000i\000n\000g\000\040\000d\000a\000t\000a}{section.13.2}% 92
\BOOKMARK [2][-]{subsection.13.2.3}{\376\377\000R\000u\000n\000n\000i\000n\000g\000\040\000t\000h\000e\000\040\000d\000a\000s\000h\000b\000o\000a\000r\000d}{section.13.2}% 93
\BOOKMARK [2][-]{subsection.13.2.4}{\376\377\000R\000u\000n\000n\000i\000n\000g\000\040\000F\000l\000i\000n\000k\000\040\000a\000n\000d\000\040\000K\000a\000f\000k\000a}{section.13.2}% 94
\BOOKMARK [0][-]{chapter.14}{\376\377\000I\000n\000d\000i\000c\000e\000s\000\040\000a\000n\000d\000\040\000t\000a\000b\000l\000e\000s}{}% 95
\BOOKMARK [0][-]{section*.130}{\376\377\000P\000y\000t\000h\000o\000n\000\040\000M\000o\000d\000u\000l\000e\000\040\000I\000n\000d\000e\000x}{}% 96
\BOOKMARK [0][-]{section*.131}{\376\377\000I\000n\000d\000e\000x}{}% 97
